# JRE version: Java(TM) SE Runtime Environment (8.0_101-b13) (build 1.8.0_101-b13)
# Java VM: Java HotSpot(TM) 64-Bit Server VM (25.101-b13 mixed mode windows-amd64 compressed oops)
Heap:
 PSYoungGen      total 38400K, used 5028K [0x00000000d5c00000, 0x00000000d8680000, 0x0000000100000000)
  eden space 33280K, 15% used [0x00000000d5c00000,0x00000000d60e9090,0x00000000d7c80000)
  from space 5120K, 0% used [0x00000000d8180000,0x00000000d8180000,0x00000000d8680000)
  to   space 5120K, 0% used [0x00000000d7c80000,0x00000000d7c80000,0x00000000d8180000)
 ParOldGen       total 87552K, used 2684K [0x0000000081400000, 0x0000000086980000, 0x00000000d5c00000)
  object space 87552K, 3% used [0x0000000081400000,0x000000008169f3d0,0x0000000086980000)
 Metaspace       used 8481K, capacity 8649K, committed 8832K, reserved 1056768K
  class space    used 802K, capacity 849K, committed 896K, reserved 1048576K
GC Heap History (10 events):
Event: 3.953 GC heap before
{Heap before GC invocations=135 (full 67):
 PSYoungGen      total 38400K, used 32K [0x00000000d5c00000, 0x00000000d8680000, 0x0000000100000000)
  eden space 33280K, 0% used [0x00000000d5c00000,0x00000000d5c00000,0x00000000d7c80000)
  from space 5120K, 0% used [0x00000000d8180000,0x00000000d8188000,0x00000000d8680000)
  to   space 5120K, 0% used [0x00000000d7c80000,0x00000000d7c80000,0x00000000d8180000)
 ParOldGen       total 87552K, used 2692K [0x0000000081400000, 0x0000000086980000, 0x00000000d5c00000)
  object space 87552K, 3% used [0x0000000081400000,0x00000000816a1178,0x0000000086980000)
 Metaspace       used 8013K, capacity 8259K, committed 8576K, reserved 1056768K
  class space    used 766K, capacity 784K, committed 896K, reserved 1048576K
Event: 3.959 GC heap after
Heap after GC invocations=135 (full 67):
 PSYoungGen      total 38400K, used 0K [0x00000000d5c00000, 0x00000000d8680000, 0x0000000100000000)
  eden space 33280K, 0% used [0x00000000d5c00000,0x00000000d5c00000,0x00000000d7c80000)
  from space 5120K, 0% used [0x00000000d8180000,0x00000000d8180000,0x00000000d8680000)
  to   space 5120K, 0% used [0x00000000d7c80000,0x00000000d7c80000,0x00000000d8180000)
 ParOldGen       total 87552K, used 2684K [0x0000000081400000, 0x0000000086980000, 0x00000000d5c00000)
  object space 87552K, 3% used [0x0000000081400000,0x000000008169f200,0x0000000086980000)
 Metaspace       used 8013K, capacity 8259K, committed 8576K, reserved 1056768K
  class space    used 766K, capacity 784K, committed 896K, reserved 1048576K
}
Event: 3.968 GC heap before
{Heap before GC invocations=136 (full 67):
 PSYoungGen      total 38400K, used 0K [0x00000000d5c00000, 0x00000000d8680000, 0x0000000100000000)
  eden space 33280K, 0% used [0x00000000d5c00000,0x00000000d5c00000,0x00000000d7c80000)
  from space 5120K, 0% used [0x00000000d8180000,0x00000000d8180000,0x00000000d8680000)
  to   space 5120K, 0% used [0x00000000d7c80000,0x00000000d7c80000,0x00000000d8180000)
 ParOldGen       total 87552K, used 2684K [0x0000000081400000, 0x0000000086980000, 0x00000000d5c00000)
  object space 87552K, 3% used [0x0000000081400000,0x000000008169f200,0x0000000086980000)
 Metaspace       used 8013K, capacity 8259K, committed 8576K, reserved 1056768K
  class space    used 766K, capacity 784K, committed 896K, reserved 1048576K
Event: 3.969 GC heap after
Heap after GC invocations=136 (full 67):
 PSYoungGen      total 38400K, used 0K [0x00000000d5c00000, 0x00000000d8680000, 0x0000000100000000)
  eden space 33280K, 0% used [0x00000000d5c00000,0x00000000d5c00000,0x00000000d7c80000)
  from space 5120K, 0% used [0x00000000d7c80000,0x00000000d7c80000,0x00000000d8180000)
  to   space 5120K, 0% used [0x00000000d8180000,0x00000000d8180000,0x00000000d8680000)
 ParOldGen       total 87552K, used 2684K [0x0000000081400000, 0x0000000086980000, 0x00000000d5c00000)
  object space 87552K, 3% used [0x0000000081400000,0x000000008169f200,0x0000000086980000)
 Metaspace       used 8013K, capacity 8259K, committed 8576K, reserved 1056768K
  class space    used 766K, capacity 784K, committed 896K, reserved 1048576K
}
Event: 3.969 GC heap before
{Heap before GC invocations=137 (full 68):
 PSYoungGen      total 38400K, used 0K [0x00000000d5c00000, 0x00000000d8680000, 0x0000000100000000)
  eden space 33280K, 0% used [0x00000000d5c00000,0x00000000d5c00000,0x00000000d7c80000)
  from space 5120K, 0% used [0x00000000d7c80000,0x00000000d7c80000,0x00000000d8180000)
  to   space 5120K, 0% used [0x00000000d8180000,0x00000000d8180000,0x00000000d8680000)
 ParOldGen       total 87552K, used 2684K [0x0000000081400000, 0x0000000086980000, 0x00000000d5c00000)
  object space 87552K, 3% used [0x0000000081400000,0x000000008169f200,0x0000000086980000)
 Metaspace       used 8013K, capacity 8259K, committed 8576K, reserved 1056768K
  class space    used 766K, capacity 784K, committed 896K, reserved 1048576K
Event: 3.975 GC heap after
Heap after GC invocations=137 (full 68):
 PSYoungGen      total 38400K, used 0K [0x00000000d5c00000, 0x00000000d8680000, 0x0000000100000000)
  eden space 33280K, 0% used [0x00000000d5c00000,0x00000000d5c00000,0x00000000d7c80000)
  from space 5120K, 0% used [0x00000000d7c80000,0x00000000d7c80000,0x00000000d8180000)
  to   space 5120K, 0% used [0x00000000d8180000,0x00000000d8180000,0x00000000d8680000)
 ParOldGen       total 87552K, used 2684K [0x0000000081400000, 0x0000000086980000, 0x00000000d5c00000)
  object space 87552K, 3% used [0x0000000081400000,0x000000008169f200,0x0000000086980000)
 Metaspace       used 8013K, capacity 8259K, committed 8576K, reserved 1056768K
  class space    used 766K, capacity 784K, committed 896K, reserved 1048576K
}
Event: 3.985 GC heap before
{Heap before GC invocations=138 (full 68):
 PSYoungGen      total 38400K, used 530K [0x00000000d5c00000, 0x00000000d8680000, 0x0000000100000000)
  eden space 33280K, 1% used [0x00000000d5c00000,0x00000000d5c84980,0x00000000d7c80000)
  from space 5120K, 0% used [0x00000000d7c80000,0x00000000d7c80000,0x00000000d8180000)
  to   space 5120K, 0% used [0x00000000d8180000,0x00000000d8180000,0x00000000d8680000)
 ParOldGen       total 87552K, used 2684K [0x0000000081400000, 0x0000000086980000, 0x00000000d5c00000)
  object space 87552K, 3% used [0x0000000081400000,0x000000008169f200,0x0000000086980000)
 Metaspace       used 8014K, capacity 8259K, committed 8576K, reserved 1056768K
  class space    used 766K, capacity 784K, committed 896K, reserved 1048576K
Event: 3.985 GC heap after
Heap after GC invocations=138 (full 68):
 PSYoungGen      total 38400K, used 64K [0x00000000d5c00000, 0x00000000d8680000, 0x0000000100000000)
  eden space 33280K, 0% used [0x00000000d5c00000,0x00000000d5c00000,0x00000000d7c80000)
  from space 5120K, 1% used [0x00000000d8180000,0x00000000d8190000,0x00000000d8680000)
  to   space 5120K, 0% used [0x00000000d7c80000,0x00000000d7c80000,0x00000000d8180000)
 ParOldGen       total 87552K, used 2684K [0x0000000081400000, 0x0000000086980000, 0x00000000d5c00000)
  object space 87552K, 3% used [0x0000000081400000,0x000000008169f200,0x0000000086980000)
 Metaspace       used 8014K, capacity 8259K, committed 8576K, reserved 1056768K
  class space    used 766K, capacity 784K, committed 896K, reserved 1048576K
}
Event: 3.985 GC heap before
{Heap before GC invocations=139 (full 69):
 PSYoungGen      total 38400K, used 64K [0x00000000d5c00000, 0x00000000d8680000, 0x0000000100000000)
  eden space 33280K, 0% used [0x00000000d5c00000,0x00000000d5c00000,0x00000000d7c80000)
  from space 5120K, 1% used [0x00000000d8180000,0x00000000d8190000,0x00000000d8680000)
  to   space 5120K, 0% used [0x00000000d7c80000,0x00000000d7c80000,0x00000000d8180000)
 ParOldGen       total 87552K, used 2684K [0x0000000081400000, 0x0000000086980000, 0x00000000d5c00000)
  object space 87552K, 3% used [0x0000000081400000,0x000000008169f200,0x0000000086980000)
 Metaspace       used 8014K, capacity 8259K, committed 8576K, reserved 1056768K
  class space    used 766K, capacity 784K, committed 896K, reserved 1048576K
Event: 3.994 GC heap after
Heap after GC invocations=139 (full 69):
 PSYoungGen      total 38400K, used 0K [0x00000000d5c00000, 0x00000000d8680000, 0x0000000100000000)
  eden space 33280K, 0% used [0x00000000d5c00000,0x00000000d5c00000,0x00000000d7c80000)
  from space 5120K, 0% used [0x00000000d8180000,0x00000000d8180000,0x00000000d8680000)
  to   space 5120K, 0% used [0x00000000d7c80000,0x00000000d7c80000,0x00000000d8180000)
 ParOldGen       total 87552K, used 2684K [0x0000000081400000, 0x0000000086980000, 0x00000000d5c00000)
  object space 87552K, 3% used [0x0000000081400000,0x000000008169f3d0,0x0000000086980000)
 Metaspace       used 8014K, capacity 8259K, committed 8576K, reserved 1056768K
  class space    used 766K, capacity 784K, committed 896K, reserved 1048576K
}

